curl -X GET "http://localhost:5052/lighthouse/ui/health" -H  "accept: application/json" | jq
  % Total    % Received % Xferd  Average Speed   Time    Time     Time  Current
                                 Dload  Upload   Total   Spent    Left  Speed
100   595  100   595    0     0   1567      0 --:--:-- --:--:-- --:--:--  1569
{
  "data": {
    "total_memory": 4102242304,
    "free_memory": 346873856,
    "used_memory": 2678169600,
    "sys_loadavg_1": 1.18,
    "sys_loadavg_5": 1.03,
    "sys_loadavg_15": 1.01,
    "cpu_cores": 2,
    "cpu_threads": 2,
    "global_cpu_frequency": 2.3,
    "disk_bytes_total": 1063956480000,
    "disk_bytes_free": 814900502528,
    "system_uptime": 75534,
    "app_uptime": 60519,
    "system_name": "Ubuntu",
    "kernel_version": "6.8.0-1016-aws",
    "os_version": "Linux 22.04 Ubuntu",
    "host_name": "21f63d0e3921",
    "network_name": "eth0",
    "network_bytes_total_received": 95599168229,
    "network_bytes_total_transmit": 3509533347,
    "nat_open": true,
    "connected_peers": 80,
    "sync_state": "Synced"
  }
}
